<?xml version="1.0" encoding="UTF-8"?>
<testsuite name="com.playground.codewars.ExcersiseKtTest" tests="1" skipped="0" failures="0" errors="0" timestamp="2023-01-23T16:05:10" hostname="APM3LQ7N54QWJHJ" time="0.017">
  <properties/>
  <testcase name="exampleTests()" classname="com.playground.codewars.ExcersiseKtTest" time="0.017"/>
  <system-out><![CDATA[]]></system-out>
  <system-err><![CDATA[]]></system-err>
</testsuite>
